Using pre-set license
Built from '2020.3/release' branch; Version is '2020.3.15f2 (6cf78cb77498) revision 7141260'; Using compiler version '192528614'; Build Type 'Release'
OS: 'Windows 10 Pro; OS build 19044.1826; Version 2009; 64bit' Language: 'es' Physical Memory: 32679 MB
BatchMode: 1, IsHumanControllingUs: 0, StartBugReporterOnCrash: 0, Is64bit: 1, IsPro: 0

 COMMAND LINE ARGUMENTS:
C:\Program Files\Unity\Editor\Unity.exe
-adb2
-batchMode
-noUpm
-name
AssetImportWorker0
-projectPath
E:/Unity/ProgramacionGrafica/Final-Graficos
-logFile
Logs/AssetImportWorker0.log
-srvPort
54766
Successfully changed project path to: E:/Unity/ProgramacionGrafica/Final-Graficos
E:/Unity/ProgramacionGrafica/Final-Graficos
Using Asset Import Pipeline V2.
Refreshing native plugins compatible for Editor in 37.02 ms, found 3 plugins.
Preloading 0 native plugins for Editor in 0.00 ms.
Initialize engine version: 2020.3.15f2 (6cf78cb77498)
[Subsystems] Discovering subsystems at path C:/Program Files/Unity/Editor/Data/Resources/UnitySubsystems
[Subsystems] Discovering subsystems at path E:/Unity/ProgramacionGrafica/Final-Graficos/Assets
GfxDevice: creating device client; threaded=0
Direct3D:
    Version:  Direct3D 11.0 [level 11.1]
    Renderer: AMD Radeon RX 5700 XT (ID=0x731f)
    Vendor:   
    VRAM:     8151 MB
    Driver:   30.0.13025.5005
Initialize mono
Mono path[0] = 'C:/Program Files/Unity/Editor/Data/Managed'
Mono path[1] = 'C:/Program Files/Unity/Editor/Data/MonoBleedingEdge/lib/mono/unityjit'
Mono config path = 'C:/Program Files/Unity/Editor/Data/MonoBleedingEdge/etc'
Using monoOptions --debugger-agent=transport=dt_socket,embedding=1,server=y,suspend=n,address=127.0.0.1:56604
Begin MonoManager ReloadAssembly
Registering precompiled unity dll's ...
Register platform support module: C:/Program Files/Unity/Editor/Data/PlaybackEngines/WindowsStandaloneSupport/UnityEditor.WindowsStandalone.Extensions.dll
Registered in 0.001323 seconds.
Native extension for WindowsStandalone target not found
Refreshing native plugins compatible for Editor in 38.31 ms, found 3 plugins.
Preloading 0 native plugins for Editor in 0.00 ms.
Mono: successfully reloaded assembly
- Completed reload, in  0.776 seconds
Domain Reload Profiling:
	ReloadAssembly (776ms)
		BeginReloadAssembly (37ms)
			ExecutionOrderSort (0ms)
			DisableScriptedObjects (0ms)
			BackupInstance (0ms)
			ReleaseScriptingObjects (0ms)
			CreateAndSetChildDomain (1ms)
		EndReloadAssembly (292ms)
			LoadAssemblies (36ms)
			RebuildTransferFunctionScriptingTraits (0ms)
			SetupTypeCache (89ms)
			ReleaseScriptCaches (0ms)
			RebuildScriptCaches (23ms)
			SetupLoadedEditorAssemblies (130ms)
				LogAssemblyErrors (0ms)
				InitializePlatformSupportModulesInManaged (3ms)
				SetLoadedEditorAssemblies (0ms)
				RefreshPlugins (38ms)
				BeforeProcessingInitializeOnLoad (11ms)
				ProcessInitializeOnLoadAttributes (58ms)
				ProcessInitializeOnLoadMethodAttributes (19ms)
				AfterProcessingInitializeOnLoad (0ms)
				EditorAssembliesLoaded (0ms)
			ExecutionOrderSort2 (0ms)
			AwakeInstancesAfterBackupRestoration (0ms)
Platform modules already initialized, skipping
Registering precompiled user dll's ...
Registered in 0.001761 seconds.
Begin MonoManager ReloadAssembly
Native extension for WindowsStandalone target not found
Refreshing native plugins compatible for Editor in 0.49 ms, found 3 plugins.
Preloading 0 native plugins for Editor in 0.00 ms.
Mono: successfully reloaded assembly
- Completed reload, in  0.808 seconds
Domain Reload Profiling:
	ReloadAssembly (808ms)
		BeginReloadAssembly (96ms)
			ExecutionOrderSort (0ms)
			DisableScriptedObjects (3ms)
			BackupInstance (0ms)
			ReleaseScriptingObjects (0ms)
			CreateAndSetChildDomain (15ms)
		EndReloadAssembly (671ms)
			LoadAssemblies (59ms)
			RebuildTransferFunctionScriptingTraits (0ms)
			SetupTypeCache (176ms)
			ReleaseScriptCaches (0ms)
			RebuildScriptCaches (62ms)
			SetupLoadedEditorAssemblies (314ms)
				LogAssemblyErrors (0ms)
				InitializePlatformSupportModulesInManaged (4ms)
				SetLoadedEditorAssemblies (0ms)
				RefreshPlugins (1ms)
				BeforeProcessingInitializeOnLoad (74ms)
				ProcessInitializeOnLoadAttributes (227ms)
				ProcessInitializeOnLoadMethodAttributes (3ms)
				AfterProcessingInitializeOnLoad (5ms)
				EditorAssembliesLoaded (0ms)
			ExecutionOrderSort2 (0ms)
			AwakeInstancesAfterBackupRestoration (5ms)
Platform modules already initialized, skipping
========================================================================
Worker process is ready to serve import requests
Launched and connected shader compiler UnityShaderCompiler.exe after 0.03 seconds
Refreshing native plugins compatible for Editor in 0.52 ms, found 3 plugins.
Preloading 0 native plugins for Editor in 0.00 ms.
Unloading 2728 Unused Serialized files (Serialized files now loaded: 0)
System memory in use before: 148.5 MB.
System memory in use after: 148.7 MB.

Unloading 22 unused Assets to reduce memory usage. Loaded Objects now: 3166.
Total: 2.253100 ms (FindLiveObjects: 0.213000 ms CreateObjectMapping: 0.082100 ms MarkObjects: 1.849300 ms  DeleteObjects: 0.107700 ms)

AssetImportParameters requested are different than current active one (requested -> active):
  custom:framework-win-MediaFoundation: 216162199b28c13a410421893ffa2e32 -> 
  custom:video-decoder-ogg-theora: a1e56fd34408186e4bbccfd4996cb3dc -> 
  custom:container-muxer-webm: aa71ff27fc2769a1b78a27578f13a17b -> 
  custom:container-demuxer-webm: 4f35f7cbe854078d1ac9338744f61a02 -> 
  custom:container-demuxer-ogg: 62fdf1f143b41e24485cea50d1cbac27 -> 
  custom:video-encoder-webm-vp8: eb34c28f22e8b96e1ab97ce403110664 -> 
  custom:video-decoder-webm-vp8: 9c59270c3fd7afecdb556c50c9e8de78 -> 
  custom:audio-decoder-ogg-vorbis: bf7c407c2cedff20999df2af8eb42d56 -> 
  custom:audio-encoder-webm-vorbis: bf7c407c2cedff20999df2af8eb42d56 -> 
========================================================================
Received Import Request.
  path: Assets/Models/Mini Legion Grunt PBR HP Polyart/Material
  artifactKey: Guid(89911056bdf824e4c9365a36fe89b758) Importer(815301076,1909f56bfc062723c751e8b465ee728b)
Start importing Assets/Models/Mini Legion Grunt PBR HP Polyart/Material using Guid(89911056bdf824e4c9365a36fe89b758) Importer(815301076,1909f56bfc062723c751e8b465ee728b)  -> (artifact id: 'e2c17ded4b18b7b97dac3a116a4be114') in 0.007242 seconds 
  Import took 0.010229 seconds .

========================================================================
Received Import Request.
  Time since last request: 0.000123 seconds.
  path: Assets/Models/Mini Legion Grunt PBR HP Polyart/Prefab
  artifactKey: Guid(52612db108b148c478726218662894b4) Importer(815301076,1909f56bfc062723c751e8b465ee728b)
Start importing Assets/Models/Mini Legion Grunt PBR HP Polyart/Prefab using Guid(52612db108b148c478726218662894b4) Importer(815301076,1909f56bfc062723c751e8b465ee728b)  -> (artifact id: '840e14a565511876ac615978c14bd314') in 0.003450 seconds 
  Import took 0.005947 seconds .

========================================================================
Received Import Request.
  Time since last request: 0.000094 seconds.
  path: Assets/Models/Mini Legion Grunt PBR HP Polyart/Animations
  artifactKey: Guid(b0db1699f0906514d82ccd248901d3a9) Importer(815301076,1909f56bfc062723c751e8b465ee728b)
Start importing Assets/Models/Mini Legion Grunt PBR HP Polyart/Animations using Guid(b0db1699f0906514d82ccd248901d3a9) Importer(815301076,1909f56bfc062723c751e8b465ee728b)  -> (artifact id: 'e56a17e498afebef4fd976d45d8cb7d4') in 0.003553 seconds 
  Import took 0.005812 seconds .

========================================================================
Received Import Request.
  Time since last request: 0.000099 seconds.
  path: Assets/Models/Mini Legion Grunt PBR HP Polyart/Prefab/GruntPBR.prefab
  artifactKey: Guid(176299a76ecfc7544b22a66fae200ac7) Importer(815301076,1909f56bfc062723c751e8b465ee728b)
Start importing Assets/Models/Mini Legion Grunt PBR HP Polyart/Prefab/GruntPBR.prefab using Guid(176299a76ecfc7544b22a66fae200ac7) Importer(815301076,1909f56bfc062723c751e8b465ee728b)  -> (artifact id: 'b3c7af6c6704283af1960f7e7ed8a778') in 0.196346 seconds 
  Import took 0.208112 seconds .

========================================================================
Received Import Request.
  Time since last request: 0.000142 seconds.
  path: Assets/Models/Mini Legion Grunt PBR HP Polyart/Prefab/GruntHP.prefab
  artifactKey: Guid(aad05534a7ba0dd49b8c54ce188308ec) Importer(815301076,1909f56bfc062723c751e8b465ee728b)
Start importing Assets/Models/Mini Legion Grunt PBR HP Polyart/Prefab/GruntHP.prefab using Guid(aad05534a7ba0dd49b8c54ce188308ec) Importer(815301076,1909f56bfc062723c751e8b465ee728b)  -> (artifact id: 'a21cc9a20b393c1483d36a6d1376255c') in 0.097535 seconds 
  Import took 0.101203 seconds .

========================================================================
Received Import Request.
  Time since last request: 0.000139 seconds.
  path: Assets/Models/Mini Legion Grunt PBR HP Polyart/Prefab/GruntPolyart.prefab
  artifactKey: Guid(7df524699deb44341b3693c8538df185) Importer(815301076,1909f56bfc062723c751e8b465ee728b)
Start importing Assets/Models/Mini Legion Grunt PBR HP Polyart/Prefab/GruntPolyart.prefab using Guid(7df524699deb44341b3693c8538df185) Importer(815301076,1909f56bfc062723c751e8b465ee728b)  -> (artifact id: '937e77a899ec234871cdc02fa54d55a8') in 0.094271 seconds 
  Import took 0.097655 seconds .

========================================================================
Received Import Request.
  Time since last request: 0.000124 seconds.
  path: Assets/Models/Mini Legion Grunt PBR HP Polyart/Mesh
  artifactKey: Guid(931eedd3048ae534eb3e318b8b9e8a75) Importer(815301076,1909f56bfc062723c751e8b465ee728b)
Start importing Assets/Models/Mini Legion Grunt PBR HP Polyart/Mesh using Guid(931eedd3048ae534eb3e318b8b9e8a75) Importer(815301076,1909f56bfc062723c751e8b465ee728b)  -> (artifact id: '2567aa5f1c94ed0e1b781b7697c8e800') in 0.003631 seconds 
  Import took 0.006334 seconds .

========================================================================
Received Import Request.
  Time since last request: 19.330246 seconds.
  path: Assets/Models/Mini Legion Lich PBR HP Polyart/Prefabs
  artifactKey: Guid(944daf00ec6c67a4cb8f6db455dd3760) Importer(815301076,1909f56bfc062723c751e8b465ee728b)
Start importing Assets/Models/Mini Legion Lich PBR HP Polyart/Prefabs using Guid(944daf00ec6c67a4cb8f6db455dd3760) Importer(815301076,1909f56bfc062723c751e8b465ee728b)  -> (artifact id: '543ea358c325dcf00c687b56d48848cf') in 0.004286 seconds 
  Import took 0.021400 seconds .

========================================================================
Received Import Request.
  Time since last request: 0.227392 seconds.
  path: Assets/Models/Mini Legion Lich PBR HP Polyart/Prefabs/FreeLichPolyart.prefab
  artifactKey: Guid(cc2904f8420d54e45b80616562ff859c) Importer(815301076,1909f56bfc062723c751e8b465ee728b)
Start importing Assets/Models/Mini Legion Lich PBR HP Polyart/Prefabs/FreeLichPolyart.prefab using Guid(cc2904f8420d54e45b80616562ff859c) Importer(815301076,1909f56bfc062723c751e8b465ee728b)  -> (artifact id: '2d60360e37b704e3f00087bc81289130') in 0.090405 seconds 
  Import took 0.094414 seconds .

========================================================================
Received Import Request.
  Time since last request: 1.488855 seconds.
  path: Assets/Models/Mini Legion Lich PBR HP Polyart/Meshes/FreeLich.fbx
  artifactKey: Guid(3dc717adf98c7b043a3e77ed0130d470) Importer(815301076,1909f56bfc062723c751e8b465ee728b)
Start importing Assets/Models/Mini Legion Lich PBR HP Polyart/Meshes/FreeLich.fbx using Guid(3dc717adf98c7b043a3e77ed0130d470) Importer(815301076,1909f56bfc062723c751e8b465ee728b)  -> (artifact id: 'd585fcb8bfc5263697e966728b20742b') in 0.045095 seconds 
  Import took 0.061724 seconds .

========================================================================
Received Import Request.
  Time since last request: 0.000158 seconds.
  path: Assets/Models/Mini Legion Lich PBR HP Polyart/Meshes/LichPolyart.fbx
  artifactKey: Guid(6e771cc839352964bbeed6d2f491914f) Importer(815301076,1909f56bfc062723c751e8b465ee728b)
Start importing Assets/Models/Mini Legion Lich PBR HP Polyart/Meshes/LichPolyart.fbx using Guid(6e771cc839352964bbeed6d2f491914f) Importer(815301076,1909f56bfc062723c751e8b465ee728b)  -> (artifact id: '0426a71fd9f7ed5c56f8c24bd8f470d3') in 0.019118 seconds 
  Import took 0.022415 seconds .

========================================================================
Received Import Request.
  Time since last request: 0.000116 seconds.
  path: Assets/Models/Mini Legion Lich PBR HP Polyart/Meshes/Stage.fbx
  artifactKey: Guid(f6af66405ec87194182168885fb3ede3) Importer(815301076,1909f56bfc062723c751e8b465ee728b)
Start importing Assets/Models/Mini Legion Lich PBR HP Polyart/Meshes/Stage.fbx using Guid(f6af66405ec87194182168885fb3ede3) Importer(815301076,1909f56bfc062723c751e8b465ee728b)  -> (artifact id: '96ebf7e13aad567953a482091da84951') in 0.010705 seconds 
  Import took 0.013484 seconds .

========================================================================
Received Import Request.
  Time since last request: 0.000143 seconds.
  path: Assets/Models/Mini Legion Lich PBR HP Polyart/Meshes/LichPolyart.fbx
  artifactKey: Guid(6e771cc839352964bbeed6d2f491914f) Importer(815301076,1909f56bfc062723c751e8b465ee728b)
Start importing Assets/Models/Mini Legion Lich PBR HP Polyart/Meshes/LichPolyart.fbx using Guid(6e771cc839352964bbeed6d2f491914f) Importer(815301076,1909f56bfc062723c751e8b465ee728b)  -> (artifact id: '0426a71fd9f7ed5c56f8c24bd8f470d3') in 0.011972 seconds 
  Import took 0.014805 seconds .

========================================================================
Received Import Request.
  Time since last request: 0.000129 seconds.
  path: Assets/Models/Mini Legion Lich PBR HP Polyart/Meshes/Stage.fbx
  artifactKey: Guid(f6af66405ec87194182168885fb3ede3) Importer(815301076,1909f56bfc062723c751e8b465ee728b)
Start importing Assets/Models/Mini Legion Lich PBR HP Polyart/Meshes/Stage.fbx using Guid(f6af66405ec87194182168885fb3ede3) Importer(815301076,1909f56bfc062723c751e8b465ee728b)  -> (artifact id: '96ebf7e13aad567953a482091da84951') in 0.007486 seconds 
  Import took 0.010191 seconds .

========================================================================
Received Import Request.
  Time since last request: 0.674178 seconds.
  path: Assets/Models/Mini Legion Lich PBR HP Polyart/Materials/Polyart.mat
  artifactKey: Guid(1c806747a31989b4b9a2e62ce578c705) Importer(815301076,1909f56bfc062723c751e8b465ee728b)
Start importing Assets/Models/Mini Legion Lich PBR HP Polyart/Materials/Polyart.mat using Guid(1c806747a31989b4b9a2e62ce578c705) Importer(815301076,1909f56bfc062723c751e8b465ee728b)  -> (artifact id: '5ee3a3ec938bbf0c8040b8d4aa12c337') in 0.022311 seconds 
  Import took 0.025883 seconds .

========================================================================
Received Import Request.
  Time since last request: 0.000143 seconds.
  path: Assets/Models/Mini Legion Lich PBR HP Polyart/Materials/Stage 1.mat
  artifactKey: Guid(351b27a07d44e81489e46872299040e7) Importer(815301076,1909f56bfc062723c751e8b465ee728b)
Start importing Assets/Models/Mini Legion Lich PBR HP Polyart/Materials/Stage 1.mat using Guid(351b27a07d44e81489e46872299040e7) Importer(815301076,1909f56bfc062723c751e8b465ee728b)  -> (artifact id: '7883f1b45082cc567ef7cffdddfd21c6') in 0.014034 seconds 
  Import took 0.017040 seconds .

========================================================================
Received Import Request.
  Time since last request: 15.367693 seconds.
  path: Assets/Models/BOXOPHOBIC/Skybox Cubemap Extended/Core/Shaders/Skybox Cubemap Blend.shader
  artifactKey: Guid(7705790d9e8e16344ad5d7960c568904) Importer(815301076,1909f56bfc062723c751e8b465ee728b)
Start importing Assets/Models/BOXOPHOBIC/Skybox Cubemap Extended/Core/Shaders/Skybox Cubemap Blend.shader using Guid(7705790d9e8e16344ad5d7960c568904) Importer(815301076,1909f56bfc062723c751e8b465ee728b)  -> (artifact id: 'a060d50ef03b54ab9e09b1b403ca51f0') in 0.005262 seconds 
  Import took 0.008483 seconds .

========================================================================
Received Import Request.
  Time since last request: 0.002785 seconds.
  path: Assets/Models/BOXOPHOBIC/Skybox Cubemap Extended/Core/Shaders/Skybox Cubemap Blend.shader
  artifactKey: Guid(7705790d9e8e16344ad5d7960c568904) Importer(815301076,1909f56bfc062723c751e8b465ee728b)
Start importing Assets/Models/BOXOPHOBIC/Skybox Cubemap Extended/Core/Shaders/Skybox Cubemap Blend.shader using Guid(7705790d9e8e16344ad5d7960c568904) Importer(815301076,1909f56bfc062723c751e8b465ee728b)  -> (artifact id: 'a060d50ef03b54ab9e09b1b403ca51f0') in 0.001118 seconds 
  Import took 0.003557 seconds .

========================================================================
Received Import Request.
  Time since last request: 1.135362 seconds.
  path: Assets/Models/BOXOPHOBIC/Skybox Cubemap Extended/Core/Shaders/Skybox Cubemap Extended.shader
  artifactKey: Guid(82881a2d011b0964696411c822cdd00b) Importer(815301076,1909f56bfc062723c751e8b465ee728b)
Start importing Assets/Models/BOXOPHOBIC/Skybox Cubemap Extended/Core/Shaders/Skybox Cubemap Extended.shader using Guid(82881a2d011b0964696411c822cdd00b) Importer(815301076,1909f56bfc062723c751e8b465ee728b)  -> (artifact id: 'f3a8b45dadf474e59f5f0d63bf4eeb09') in 0.004842 seconds 
  Import took 0.008020 seconds .

========================================================================
Received Import Request.
  Time since last request: 3.915943 seconds.
  path: Assets/Models/BOXOPHOBIC/Skybox Cubemap Extended/Demo/Settings/Demo.asset
  artifactKey: Guid(2c9ebc5b5de64494eb66e1f3eb755731) Importer(815301076,1909f56bfc062723c751e8b465ee728b)
Start importing Assets/Models/BOXOPHOBIC/Skybox Cubemap Extended/Demo/Settings/Demo.asset using Guid(2c9ebc5b5de64494eb66e1f3eb755731) Importer(815301076,1909f56bfc062723c751e8b465ee728b)  -> (artifact id: '51e3310fa8264d480e27bd89bc3a09b5') in 0.005602 seconds 
  Import took 0.008943 seconds .

========================================================================
Received Import Request.
  Time since last request: 10.676084 seconds.
  path: Assets/Models/BOXOPHOBIC/Utils/Scripts
  artifactKey: Guid(9ec3a38b6858ee54685444ad9afdd646) Importer(815301076,1909f56bfc062723c751e8b465ee728b)
Start importing Assets/Models/BOXOPHOBIC/Utils/Scripts using Guid(9ec3a38b6858ee54685444ad9afdd646) Importer(815301076,1909f56bfc062723c751e8b465ee728b)  -> (artifact id: '2c942af49bc266f8810af147ebfa7465') in 0.003925 seconds 
  Import took 0.007445 seconds .

========================================================================
Received Import Request.
  Time since last request: 0.083316 seconds.
  path: Assets/Models/BOXOPHOBIC/Utils/Scripts/Boxophobic.Utils.Scripts.asmdef
  artifactKey: Guid(825ad574da7360d4e8aea558f272972e) Importer(815301076,1909f56bfc062723c751e8b465ee728b)
Start importing Assets/Models/BOXOPHOBIC/Utils/Scripts/Boxophobic.Utils.Scripts.asmdef using Guid(825ad574da7360d4e8aea558f272972e) Importer(815301076,1909f56bfc062723c751e8b465ee728b)  -> (artifact id: '1027abe34e66269a28f3295959c444cf') in 0.005062 seconds 
  Import took 0.008472 seconds .

========================================================================
Received Import Request.
  Time since last request: 1.189127 seconds.
  path: Assets/Models/BOXOPHOBIC/Utils/Editor/Boxophobic.Utils.Editor.asmdef
  artifactKey: Guid(10f1dd4cfd6afb54da274d7d818bd8f6) Importer(815301076,1909f56bfc062723c751e8b465ee728b)
Start importing Assets/Models/BOXOPHOBIC/Utils/Editor/Boxophobic.Utils.Editor.asmdef using Guid(10f1dd4cfd6afb54da274d7d818bd8f6) Importer(815301076,1909f56bfc062723c751e8b465ee728b)  -> (artifact id: '8b3e5546ec722005aeb9692b420c86b0') in 0.004601 seconds 
  Import took 0.007998 seconds .

========================================================================
Received Import Request.
  Time since last request: 0.000115 seconds.
  path: Assets/Models/BOXOPHOBIC/Utils/Editor/Version.asset
  artifactKey: Guid(a15c57a0379e088458f4b54715babf2b) Importer(815301076,1909f56bfc062723c751e8b465ee728b)
Start importing Assets/Models/BOXOPHOBIC/Utils/Editor/Version.asset using Guid(a15c57a0379e088458f4b54715babf2b) Importer(815301076,1909f56bfc062723c751e8b465ee728b)  -> (artifact id: '5c519a02c9846661a2bf0434753cf569') in 0.003860 seconds 
  Import took 0.006020 seconds .

========================================================================
Received Import Request.
  Time since last request: 6.159994 seconds.
  path: Assets/Materials/Enviroment/ToonWater.mat
  artifactKey: Guid(925ae4be08822db44bf344b461f7ba33) Importer(815301076,1909f56bfc062723c751e8b465ee728b)
Start importing Assets/Materials/Enviroment/ToonWater.mat using Guid(925ae4be08822db44bf344b461f7ba33) Importer(815301076,1909f56bfc062723c751e8b465ee728b)  -> (artifact id: 'e51d911080d1559008db259c0fca65ad') in 0.013834 seconds 
  Import took 0.017265 seconds .

========================================================================
Received Import Request.
  Time since last request: 10.433114 seconds.
  path: Assets/Materials/Clases/2/Materials
  artifactKey: Guid(9746bc04599a21d43b2cdc708e2c18ba) Importer(815301076,1909f56bfc062723c751e8b465ee728b)
Start importing Assets/Materials/Clases/2/Materials using Guid(9746bc04599a21d43b2cdc708e2c18ba) Importer(815301076,1909f56bfc062723c751e8b465ee728b)  -> (artifact id: '37dc32ff7fa8992a95011425d6e8bdf4') in 0.004055 seconds 
  Import took 0.007394 seconds .

========================================================================
Received Import Request.
  Time since last request: 0.051880 seconds.
  path: Assets/Materials/Clases/2/Materials/Grass01_Albedo.mat
  artifactKey: Guid(46eaa820fd31c56469ed75831d7dc010) Importer(815301076,1909f56bfc062723c751e8b465ee728b)
Start importing Assets/Materials/Clases/2/Materials/Grass01_Albedo.mat using Guid(46eaa820fd31c56469ed75831d7dc010) Importer(815301076,1909f56bfc062723c751e8b465ee728b)  -> (artifact id: '2ae381bbf85d2475b5d84dfd16ab9d6e') in 0.045209 seconds 
  Import took 0.048534 seconds .

========================================================================
Received Import Request.
  Time since last request: 14.434328 seconds.
  path: Assets/Prefabs/Free_Forest.prefab
  artifactKey: Guid(926692557e924914487bdb899f53d2e9) Importer(815301076,1909f56bfc062723c751e8b465ee728b)
Start importing Assets/Prefabs/Free_Forest.prefab using Guid(926692557e924914487bdb899f53d2e9) Importer(815301076,1909f56bfc062723c751e8b465ee728b)  -> (artifact id: '3d59085a3b244c498030eb83373dc3e4') in 0.205211 seconds 
  Import took 0.214948 seconds .

========================================================================
Received Prepare
Registering precompiled user dll's ...
Registered in 0.001838 seconds.
Begin MonoManager ReloadAssembly
Native extension for WindowsStandalone target not found
Refreshing native plugins compatible for Editor in 0.49 ms, found 3 plugins.
Preloading 0 native plugins for Editor in 0.00 ms.
Mono: successfully reloaded assembly
- Completed reload, in  0.743 seconds
Domain Reload Profiling:
	ReloadAssembly (743ms)
		BeginReloadAssembly (81ms)
			ExecutionOrderSort (0ms)
			DisableScriptedObjects (3ms)
			BackupInstance (0ms)
			ReleaseScriptingObjects (0ms)
			CreateAndSetChildDomain (27ms)
		EndReloadAssembly (621ms)
			LoadAssemblies (55ms)
			RebuildTransferFunctionScriptingTraits (0ms)
			SetupTypeCache (171ms)
			ReleaseScriptCaches (1ms)
			RebuildScriptCaches (62ms)
			SetupLoadedEditorAssemblies (276ms)
				LogAssemblyErrors (0ms)
				InitializePlatformSupportModulesInManaged (4ms)
				SetLoadedEditorAssemblies (0ms)
				RefreshPlugins (1ms)
				BeforeProcessingInitializeOnLoad (63ms)
				ProcessInitializeOnLoadAttributes (201ms)
				ProcessInitializeOnLoadMethodAttributes (3ms)
				AfterProcessingInitializeOnLoad (4ms)
				EditorAssembliesLoaded (0ms)
			ExecutionOrderSort2 (0ms)
			AwakeInstancesAfterBackupRestoration (4ms)
Platform modules already initialized, skipping
Refreshing native plugins compatible for Editor in 0.51 ms, found 3 plugins.
Preloading 0 native plugins for Editor in 0.00 ms.
Unloading 2485 Unused Serialized files (Serialized files now loaded: 0)
System memory in use before: 144.5 MB.
System memory in use after: 144.7 MB.

Unloading 18 unused Assets to reduce memory usage. Loaded Objects now: 3216.
Total: 2.162800 ms (FindLiveObjects: 0.214900 ms CreateObjectMapping: 0.084800 ms MarkObjects: 1.843500 ms  DeleteObjects: 0.019100 ms)

AssetImportParameters requested are different than current active one (requested -> active):
  custom:framework-win-MediaFoundation: 216162199b28c13a410421893ffa2e32 -> 
  custom:video-decoder-ogg-theora: a1e56fd34408186e4bbccfd4996cb3dc -> 
  custom:container-muxer-webm: aa71ff27fc2769a1b78a27578f13a17b -> 
  custom:container-demuxer-webm: 4f35f7cbe854078d1ac9338744f61a02 -> 
  custom:container-demuxer-ogg: 62fdf1f143b41e24485cea50d1cbac27 -> 
  custom:video-encoder-webm-vp8: eb34c28f22e8b96e1ab97ce403110664 -> 
  custom:video-decoder-webm-vp8: 9c59270c3fd7afecdb556c50c9e8de78 -> 
  custom:audio-decoder-ogg-vorbis: bf7c407c2cedff20999df2af8eb42d56 -> 
  custom:audio-encoder-webm-vorbis: bf7c407c2cedff20999df2af8eb42d56 -> 
AssetImportWorkerClient::OnTransportError - code=2 error=End of file
